<?xml version="1.0" encoding="UTF-8"?>
<!-- Generated by org.testng.reporters.JUnitReportReporter -->
<testsuite hostname="LAPTOP-15GVK631" failures="0" tests="4" name="runner.TestRunner" time="0.236" errors="0" timestamp="2022-06-09T22:14:26 IST" skipped="0">
  <testcase classname="runner.TestRunner" name="runScenario" time="0.024"/>
  <system-out/>
  <testcase classname="runner.TestRunner" name="runScenario" time="0.022"/>
  <system-out/>
  <testcase classname="runner.TestRunner" name="runScenario" time="0.153"/>
  <system-out/>
  <testcase classname="runner.TestRunner" name="runScenario" time="0.037"/>
  <system-out/>
</testsuite> <!-- runner.TestRunner -->
